<?xml version="1.0" encoding="UTF-8"?>
<!-- Generated by org.testng.reporters.JUnitReportReporter -->
<testsuite hostname="KimHoa" name="selenium_api.Topic_01_CheckEnvironment" tests="1" failures="0" timestamp="28 Oct 2018 09:25:39 GMT" time="0.032" errors="0">
  <testcase name="Check_title_01" time="0.032" classname="selenium_api.Topic_01_CheckEnvironment"/>
</testsuite> <!-- selenium_api.Topic_01_CheckEnvironment -->
